********************************************************************************
DUPLICATOR-LITE PACKAGE-LOG: 28/12/2018 12:18
NOTICE: Do NOT post to public sites or forums 
********************************************************************************
VERSION:	1.3.0
WORDPRESS:	4.9.9
PHP INFO:	7.0.10 | SAPI: apache2handler
SERVER:		Apache/2.4.23 (Win64) PHP/7.0.10 
PHP TIME LIMIT: (0) no time limit imposed 
PHP MAX MEMORY: 2048M (128M default) 
MEMORY STACK: 22MB 

********************************************************************************
DATABASE:
********************************************************************************
BUILD MODE:   PHP(query limit - 100)
MYSQLTIMEOUT: 5000
MYSQLDUMP:    Not Supported 
TABLES: total:17 | filtered:0 | create:17 
FILTERED: [] 
SQL CREATED: 20181228_portfolio_9e6ec00e211d00245282_20181228121803_database.sql 
SQL FILE SIZE: 914.65KB (936597) 
SQL FILE TIME: 2018-12-28 12:18:25 
SQL RUNTIME: 0.67 sec. 

******************************************************************************** 
ARCHIVE (ZIP): 
******************************************************************************** 
ARCHIVE DIR:  C:/wamp64/www/CMS_testing/wp-portfolio 
ARCHIVE FILE: 20181228_portfolio_9e6ec00e211d00245282_20181228121803_archive.zip 
FILTERS: *OFF* 
DIRS:
	not set 
FILES:
	not set 
EXTS:  not set 
---------------------------------------- 
COMPRESSING 
SIZE:	59.27MB 
STATS:	Dirs 299 | Files 2,949 
SQL ADDED: 20181228_portfolio_9e6ec00e211d00245282_20181228121803_database.sql 
ZipArchive Object
(
    [status] => 0
    [statusSys] => 0
    [numFiles] => 3248
    [filename] => C:\wamp64\www\CMS_testing\wp-portfolio\wp-snapshots\tmp\20181228_portfolio_9e6ec00e211d00245282_20181228121803_archive.zip
    [comment] => 
)
 
COMPRESSION RESULT: '1' 
COMPRESSED SIZE: 26.26MB 
ARCHIVE RUNTIME: 13.03 sec. 
MEMORY STACK: 22MB 
building installer 
add_extra_files1 
add_extra_files2 
add_extra_files3 
add_extra_files4 
Doing archive file check 
add_extra_files5 
add_extra_files6 
add_extra_files8 
Successfully opened zip C:/wamp64/www/CMS_testing/wp-portfolio/wp-snapshots/tmp/20181228_portfolio_9e6ec00e211d00245282_20181228121803_archive.zip 
Adding enhanced installer files to archive using ZipArchive 
Installer files added to archive 
Added to archive 
After ziparchive close when adding installer 

******************************************************************************** 
INTEGRITY CHECKS: 
******************************************************************************** 
SQL File: 914.65KB 
Installer File: 32.64KB 
Archive File: 27.1MB  

********************************************************************************
RECORD ID:[1]
TOTAL PROCESS RUNTIME: 14.56 sec.
PEAK PHP MEMORY USED: 24MB
DONE PROCESSING => 20181228_portfolio 28/12/2018 12:18
 
