********************************************************************************
DUPLICATOR-LITE PACKAGE-LOG: 28/12/2018 13:59
NOTICE: Do NOT post to public sites or forums 
********************************************************************************
VERSION:	1.3.0
WORDPRESS:	4.9.9
PHP INFO:	7.0.10 | SAPI: apache2handler
SERVER:		Apache/2.4.23 (Win64) PHP/7.0.10 
PHP TIME LIMIT: (0) no time limit imposed 
PHP MAX MEMORY: 2048M (128M default) 
MEMORY STACK: 4MB 

********************************************************************************
DATABASE:
********************************************************************************
BUILD MODE:   PHP(query limit - 100)
MYSQLTIMEOUT: 5000
MYSQLDUMP:    Not Supported 
TABLES: total:17 | filtered:0 | create:17 
FILTERED: [] 
SQL CREATED: 20181228_portfolio_18ddd41b17609be11534_20181228135843_database.sql 
SQL FILE SIZE: 919.82KB (941900) 
SQL FILE TIME: 2018-12-28 13:59:03 
SQL RUNTIME: 0.62 sec. 

******************************************************************************** 
ARCHIVE (ZIP): 
******************************************************************************** 
ARCHIVE DIR:  C:/wamp64/www/CMS_testing/wp-portfolio 
ARCHIVE FILE: 20181228_portfolio_18ddd41b17609be11534_20181228135843_archive.zip 
FILTERS: *ON* 
DIRS:
	/wp-content/uploads 
FILES:
	not set 
EXTS:  not set 
---------------------------------------- 
COMPRESSING 
SIZE:	56.64MB 
STATS:	Dirs 296 | Files 2,929 
SQL ADDED: 20181228_portfolio_18ddd41b17609be11534_20181228135843_database.sql 
ZipArchive Object
(
    [status] => 0
    [statusSys] => 0
    [numFiles] => 3225
    [filename] => C:\wamp64\www\CMS_testing\wp-portfolio\wp-snapshots\tmp\20181228_portfolio_18ddd41b17609be11534_20181228135843_archive.zip
    [comment] => 
)
 
COMPRESSION RESULT: '1' 
COMPRESSED SIZE: 23.69MB 
ARCHIVE RUNTIME: 10.00 sec. 
MEMORY STACK: 4MB 
building installer 
add_extra_files1 
add_extra_files2 
add_extra_files3 
add_extra_files4 
Doing archive file check 
add_extra_files5 
add_extra_files6 
add_extra_files8 
Successfully opened zip C:/wamp64/www/CMS_testing/wp-portfolio/wp-snapshots/tmp/20181228_portfolio_18ddd41b17609be11534_20181228135843_archive.zip 
Adding enhanced installer files to archive using ZipArchive 
Installer files added to archive 
Added to archive 
After ziparchive close when adding installer 

******************************************************************************** 
INTEGRITY CHECKS: 
******************************************************************************** 
SQL File: 919.82KB 
Installer File: 32.64KB 
Archive File: 24.53MB  

********************************************************************************
RECORD ID:[2]
TOTAL PROCESS RUNTIME: 11.27 sec.
PEAK PHP MEMORY USED: 6MB
DONE PROCESSING => 20181228_portfolio 28/12/2018 13:59
 
